<?xml version="1.0" encoding="UTF-8"?>
<testng-results skipped="0" failed="0" ignored="0" total="1" passed="1">
  <reporter-output>
  </reporter-output>
  <suite name="Default suite" duration-ms="576" started-at="2020-07-29T19:12:52Z" finished-at="2020-07-29T19:12:53Z">
    <groups>
    </groups>
    <test name="Default test" duration-ms="576" started-at="2020-07-29T19:12:52Z" finished-at="2020-07-29T19:12:53Z">
      <class name="com.way2a.utilities.Extent">
        <test-method status="PASS" signature="startTest()[pri:0, instance:com.way2a.utilities.Extent@68be2bc2]" name="startTest" is-config="true" duration-ms="216" started-at="2020-07-29T19:12:52Z" finished-at="2020-07-29T19:12:52Z">
          <reporter-output>
          </reporter-output>
        </test-method> <!-- startTest -->
        <test-method status="PASS" signature="extentReportsDemo()[pri:0, instance:com.way2a.utilities.Extent@68be2bc2]" name="extentReportsDemo" duration-ms="0" started-at="2020-07-29T19:12:52Z" finished-at="2020-07-29T19:12:52Z">
          <reporter-output>
          </reporter-output>
        </test-method> <!-- extentReportsDemo -->
        <test-method status="PASS" signature="endTest()[pri:0, instance:com.way2a.utilities.Extent@68be2bc2]" name="endTest" is-config="true" duration-ms="320" started-at="2020-07-29T19:12:52Z" finished-at="2020-07-29T19:12:53Z">
          <reporter-output>
          </reporter-output>
        </test-method> <!-- endTest -->
      </class> <!-- com.way2a.utilities.Extent -->
    </test> <!-- Default test -->
  </suite> <!-- Default suite -->
</testng-results>
